app/build/outputs/mapping/release/seeds.txt
ml.hepolise.vkaudiosave.MainActivity
ml.hepolise.vkaudiosave.MainActivity: MainActivity()
ml.hepolise.vkaudiosave.MyGcmListenerService
ml.hepolise.vkaudiosave.MyGcmListenerService: MyGcmListenerService()
ml.hepolise.vkaudiosave.MyInstanceIDListenerService
ml.hepolise.vkaudiosave.MyInstanceIDListenerService: MyInstanceIDListenerService()
ml.hepolise.vkaudiosave.R$anim: int abc_fade_in
ml.hepolise.vkaudiosave.R$anim: int abc_fade_out
ml.hepolise.vkaudiosave.R$anim: int abc_grow_fade_in_from_bottom
ml.hepolise.vkaudiosave.R$anim: int abc_popup_enter
ml.hepolise.vkaudiosave.R$anim: int abc_popup_exit
ml.hepolise.vkaudiosave.R$anim: int abc_shrink_fade_out_from_bottom
ml.hepolise.vkaudiosave.R$anim: int abc_slide_in_bottom
ml.hepolise.vkaudiosave.R$anim: int abc_slide_in_top
ml.hepolise.vkaudiosave.R$anim: int abc_slide_out_bottom
ml.hepolise.vkaudiosave.R$anim: int abc_slide_out_top
ml.hepolise.vkaudiosave.R$attr: int actionBarDivider
ml.hepolise.vkaudiosave.R$attr: int actionBarItemBackground
ml.hepolise.vkaudiosave.R$attr: int actionBarPopupTheme
ml.hepolise.vkaudiosave.R$attr: int actionBarSize
ml.hepolise.vkaudiosave.R$attr: int actionBarSplitStyle
ml.hepolise.vkaudiosave.R$attr: int actionBarStyle
ml.hepolise.vkaudiosave.R$attr: int actionBarTabBarStyle
ml.hepolise.vkaudiosave.R$attr: int actionBarTabStyle
ml.hepolise.vkaudiosave.R$attr: int actionBarTabTextStyle
ml.hepolise.vkaudiosave.R$attr: int actionBarTheme
ml.hepolise.vkaudiosave.R$attr: int actionBarWidgetTheme
ml.hepolise.vkaudiosave.R$attr: int actionButtonStyle
ml.hepolise.vkaudiosave.R$attr: int actionDropDownStyle
ml.hepolise.vkaudiosave.R$attr: int actionLayout
ml.hepolise.vkaudiosave.R$attr: int actionMenuTextAppearance
ml.hepolise.vkaudiosave.R$attr: int actionMenuTextColor
ml.hepolise.vkaudiosave.R$attr: int actionModeBackground
ml.hepolise.vkaudiosave.R$attr: int actionModeCloseButtonStyle
ml.hepolise.vkaudiosave.R$attr: int actionModeCloseDrawable
ml.hepolise.vkaudiosave.R$attr: int actionModeCopyDrawable
ml.hepolise.vkaudiosave.R$attr: int actionModeCutDrawable
ml.hepolise.vkaudiosave.R$attr: int actionModeFindDrawable
ml.hepolise.vkaudiosave.R$attr: int actionModePasteDrawable
ml.hepolise.vkaudiosave.R$attr: int actionModePopupWindowStyle
ml.hepolise.vkaudiosave.R$attr: int actionModeSelectAllDrawable
ml.hepolise.vkaudiosave.R$attr: int actionModeShareDrawable
ml.hepolise.vkaudiosave.R$bool: int abc_action_bar_embed_tabs
ml.hepolise.vkaudiosave.R$bool: int abc_allow_stacked_button_bar
ml.hepolise.vkaudiosave.R$bool: int abc_config_actionMenuItemAllCaps
ml.hepolise.vkaudiosave.R$bool: int abc_config_closeDialogWhenTouchOutside
ml.hepolise.vkaudiosave.R$bool: int abc_config_showMenuShortcutsWhenKeyboardPresent
...
android.support.v7.widget.AppCompatImageButton: void setImageResource(int)
android.support.v7.widget.AppCompatImageButton: void setBackgroundResource(int)
android.support.v7.widget.AppCompatImageButton: void setBackgroundDrawable(android.graphics.drawable.Drawable)
android.support.v7.widget.AppCompatImageButton: void setSupportBackgroundTintList(android.content.res.ColorStateList)
android.support.v7.widget.AppCompatImageButton: android.content.res.ColorStateList getSupportBackgroundTintList()
android.support.v7.widget.AppCompatImageButton: void setSupportBackgroundTintMode(android.graphics.PorterDuff$Mode)
android.support.v7.widget.AppCompatImageButton: android.graphics.PorterDuff$Mode getSupportBackgroundTintMode()
android.support.v7.widget.AppCompatImageView: void setImageResource(int)
android.support.v7.widget.AppCompatImageView: void setBackgroundResource(int)
android.support.v7.widget.AppCompatImageView: void setBackgroundDrawable(android.graphics.drawable.Drawable)
android.support.v7.widget.AppCompatImageView: void setSupportBackgroundTintList(android.content.res.ColorStateList)
android.support.v7.widget.AppCompatImageView: android.content.res.ColorStateList getSupportBackgroundTintList()
android.support.v7.widget.AppCompatImageView: void setSupportBackgroundTintMode(android.graphics.PorterDuff$Mode)
android.support.v7.widget.AppCompatImageView: android.graphics.PorterDuff$Mode getSupportBackgroundTintMode()
android.support.v7.widget.AppCompatMultiAutoCompleteTextView: void setDropDownBackgroundResource(int)
android.support.v7.widget.AppCompatMultiAutoCompleteTextView: void setBackgroundResource(int)
android.support.v7.widget.AppCompatMultiAutoCompleteTextView: void setBackgroundDrawable(android.graphics.drawable.Drawable)
android.support.v7.widget.AppCompatMultiAutoCompleteTextView: void setSupportBackgroundTintList(android.content.res.ColorStateList)
android.support.v7.widget.AppCompatMultiAutoCompleteTextView: android.content.res.ColorStateList getSupportBackgroundTintList()
android.support.v7.widget.AppCompatMultiAutoCompleteTextView: void setSupportBackgroundTintMode(android.graphics.PorterDuff$Mode)
android.support.v7.widget.AppCompatMultiAutoCompleteTextView: android.graphics.PorterDuff$Mode getSupportBackgroundTintMode()
android.support.v7.widget.AppCompatRadioButton: void setButtonDrawable(android.graphics.drawable.Drawable)
android.support.v7.widget.AppCompatRadioButton: void setButtonDrawable(int)
android.support.v7.widget.AppCompatRadioButton: int getCompoundPaddingLeft()
android.support.v7.widget.AppCompatRadioButton: void setSupportButtonTintList(android.content.res.ColorStateList)
android.support.v7.widget.AppCompatRadioButton: android.content.res.ColorStateList getSupportButtonTintList()
android.support.v7.widget.AppCompatRadioButton: void setSupportButtonTintMode(android.graphics.PorterDuff$Mode)
android.support.v7.widget.AppCompatRadioButton: android.graphics.PorterDuff$Mode getSupportButtonTintMode()