app/build/outputs/mapping/release/mapping.txt
ml.hepolise.vkaudiosave.MainActivity -> ml.hepolise.vkaudiosave.MainActivity:
    android.content.BroadcastReceiver mRegistrationBroadcastReceiver -> n
    android.widget.ProgressBar mRegistrationProgressBar -> o
    android.widget.TextView mInformationTextView -> p
    boolean isReceiverRegistered -> q
    android.webkit.WebView mWebView -> r
    java.lang.String version -> m
    int REQUEST_CODE_ASK_PERMISSIONS -> s
    void <init>() -> <init>
    void permissions() -> j
    void onCreate(android.os.Bundle) -> onCreate
    void onResume() -> onResume
    void onPause() -> onPause
    void registerReceiver() -> k
    void onBackPressed() -> onBackPressed
    boolean checkPlayServices() -> l
    android.widget.ProgressBar access$000(ml.hepolise.vkaudiosave.MainActivity) -> a
    android.webkit.WebView access$102(ml.hepolise.vkaudiosave.MainActivity,android.webkit.WebView) -> a
    android.webkit.WebView access$100(ml.hepolise.vkaudiosave.MainActivity) -> b
    android.widget.TextView access$200(ml.hepolise.vkaudiosave.MainActivity) -> c
ml.hepolise.vkaudiosave.MainActivity$1 -> ml.hepolise.vkaudiosave.MainActivity$1:
    ml.hepolise.vkaudiosave.MainActivity this$0 -> a
    void <init>(ml.hepolise.vkaudiosave.MainActivity) -> <init>
    void onReceive(android.content.Context,android.content.Intent) -> onReceive
ml.hepolise.vkaudiosave.MainActivity$1$1 -> ml.hepolise.vkaudiosave.MainActivity$1$1:
    ml.hepolise.vkaudiosave.MainActivity$1 this$1 -> a
    void <init>(ml.hepolise.vkaudiosave.MainActivity$1) -> <init>
    void onDownloadStart(java.lang.String,java.lang.String,java.lang.String,java.lang.String,long) -> onDownloadStart
ml.hepolise.vkaudiosave.MyGcmListenerService -> ml.hepolise.vkaudiosave.MyGcmListenerService:
    void <init>() -> <init>
    void onMessageReceived(java.lang.String,android.os.Bundle) -> a
    void sendNotification(java.lang.String,java.lang.String) -> b
ml.hepolise.vkaudiosave.MyInstanceIDListenerService -> ml.hepolise.vkaudiosave.MyInstanceIDListenerService:
    void <init>() -> <init>
    void onTokenRefresh() -> b
ml.hepolise.vkaudiosave.RegistrationIntentService -> ml.hepolise.vkaudiosave.RegistrationIntentService:
    java.lang.String[] TOPICS -> a
    void <init>() -> <init>
    void onHandleIntent(android.content.Intent) -> onHandleIntent
    void subscribeTopics(java.lang.String) -> a
    void <clinit>() -> <clinit>
ml.hepolise.vkaudiosave.webview -> ml.hepolise.vkaudiosave.a:
    void <init>() -> <init>
    boolean shouldOverrideUrlLoading(android.webkit.WebView,java.lang.String) -> shouldOverrideUrlLoading
...
com.google.android.gms.internal.zzate -> com.google.android.gms.c.ai:
    void zza(com.google.android.gms.internal.zzatb,com.google.android.gms.internal.zzasq) -> a
    void zza(com.google.android.gms.internal.zzaub,com.google.android.gms.internal.zzasq) -> a
    void zza(com.google.android.gms.internal.zzasq) -> a
    void zza(com.google.android.gms.internal.zzatb,java.lang.String,java.lang.String) -> a
    void zzb(com.google.android.gms.internal.zzasq) -> b
    java.util.List zza(com.google.android.gms.internal.zzasq,boolean) -> a
    byte[] zza(com.google.android.gms.internal.zzatb,java.lang.String) -> a
    void zza(long,java.lang.String,java.lang.String,java.lang.String) -> a
    java.lang.String zzc(com.google.android.gms.internal.zzasq) -> c
com.google.android.gms.internal.zzate$zza -> com.google.android.gms.c.ai$a:
    void <init>() -> <init>
    com.google.android.gms.internal.zzate zzer(android.os.IBinder) -> a
    android.os.IBinder asBinder() -> asBinder
    boolean onTransact(int,android.os.Parcel,android.os.Parcel,int) -> onTransact
com.google.android.gms.internal.zzate$zza$zza -> com.google.android.gms.c.ai$a$a:
    android.os.IBinder zzrp -> a
    void <init>(android.os.IBinder) -> <init>
    android.os.IBinder asBinder() -> asBinder
    void zza(com.google.android.gms.internal.zzatb,com.google.android.gms.internal.zzasq) -> a
    void zza(com.google.android.gms.internal.zzaub,com.google.android.gms.internal.zzasq) -> a
    void zza(com.google.android.gms.internal.zzasq) -> a
    void zza(com.google.android.gms.internal.zzatb,java.lang.String,java.lang.String) -> a
    void zzb(com.google.android.gms.internal.zzasq) -> b
    java.util.List zza(com.google.android.gms.internal.zzasq,boolean) -> a
    byte[] zza(com.google.android.gms.internal.zzatb,java.lang.String) -> a
    void zza(long,java.lang.String,java.lang.String,java.lang.String) -> a
    java.lang.String zzc(com.google.android.gms.internal.zzasq) -> c
com.google.android.gms.internal.zzatf -> com.google.android.gms.c.aj:
    java.lang.String zzVQ -> a
    java.lang.String zzabL -> b
    int zzbrB -> c
    java.lang.String zzbpR -> d
    java.lang.String zzabK -> e
    long zzbrC -> f
    java.lang.String zzbpK -> g
    void <init>(com.google.android.gms.internal.zzatp) -> <init>
    void zzmr() -> a
    void zzbv(com.google.android.gms.common.api.Status) -> a
    com.google.android.gms.internal.zzasq zzfH(java.lang.String) -> a
    java.lang.String zzjI() -> x
    java.lang.String getGmpAppId() -> y
    java.lang.String zzmy() -> z
    int zzKZ() -> A
    java.lang.String zzJC() -> B
    long zzJD() -> C
    long zzJE() -> D
    void zzJd() -> b
    void zzJe() -> c
    void zzJf() -> d
    void zzmq() -> e
    com.google.android.gms.internal.zzaso zzJg() -> f
    com.google.android.gms.internal.zzass zzJh() -> g
    com.google.android.gms.internal.zzatu zzJi() -> h
    com.google.android.gms.internal.zzatf zzJj() -> i
    com.google.android.gms.internal.zzasw zzJk() -> j
    com.google.android.gms.internal.zzatw zzJl() -> k
    com.google.android.gms.internal.zzatv zzJm() -> l
    com.google.android.gms.common.util.zze zznq() -> m
    android.content.Context getContext() -> n
    com.google.android.gms.internal.zzatg zzJn() -> o
    com.google.android.gms.internal.zzasu zzJo() -> p
    com.google.android.gms.internal.zzaue zzJp() -> q
    com.google.android.gms.internal.zzatn zzJq() -> r