app/build/outputs/mapping/release/usage.txt
ml.hepolise.vkaudiosave.BuildConfig
ml.hepolise.vkaudiosave.MainActivity:
    private static final int PLAY_SERVICES_RESOLUTION_REQUEST
    private static final java.lang.String TAG
ml.hepolise.vkaudiosave.Manifest
ml.hepolise.vkaudiosave.Manifest$permission
ml.hepolise.vkaudiosave.MyGcmListenerService:
    private static final java.lang.String TAG
ml.hepolise.vkaudiosave.MyInstanceIDListenerService:
    private static final java.lang.String TAG
ml.hepolise.vkaudiosave.QuickstartPreferences
ml.hepolise.vkaudiosave.R
ml.hepolise.vkaudiosave.R$anim
ml.hepolise.vkaudiosave.R$attr
ml.hepolise.vkaudiosave.R$bool
ml.hepolise.vkaudiosave.R$color
ml.hepolise.vkaudiosave.R$dimen
ml.hepolise.vkaudiosave.R$drawable
ml.hepolise.vkaudiosave.R$id
ml.hepolise.vkaudiosave.R$integer
ml.hepolise.vkaudiosave.R$layout
ml.hepolise.vkaudiosave.R$string
ml.hepolise.vkaudiosave.R$style
ml.hepolise.vkaudiosave.R$styleable
ml.hepolise.vkaudiosave.RegistrationIntentService:
    private static final java.lang.String TAG
ml.hepolise.vkaudiosave.webview:
    private static final java.lang.String TAG
...
com.google.android.gms.common.SignInButton$ColorScheme
com.google.android.gms.common.SupportErrorDialogFragment:
    public static com.google.android.gms.common.SupportErrorDialogFragment newInstance(android.app.Dialog)
com.google.android.gms.common.UserRecoverableException:
    private final android.content.Intent mIntent
    public UserRecoverableException(java.lang.String,android.content.Intent)
    public android.content.Intent getIntent()
com.google.android.gms.common.api.Api:
    public com.google.android.gms.common.api.Api$zzd zzuF()
    public com.google.android.gms.common.api.Api$zzc zzuH()
com.google.android.gms.common.api.Api$ApiOptions$NoOptions
com.google.android.gms.common.api.Api$zzd:
    public int getPriority()
    public java.util.List zzp(java.lang.Object)
com.google.android.gms.common.api.Api$zze:
    public abstract boolean zzqS()
    public abstract android.content.Intent zzqT()
    public abstract void dump(java.lang.String,java.io.FileDescriptor,java.io.PrintWriter,java.lang.String[])
    public abstract android.os.IBinder zzuJ()
com.google.android.gms.common.api.Batch
com.google.android.gms.common.api.Batch$1
com.google.android.gms.common.api.Batch$Builder
com.google.android.gms.common.api.BatchResult
com.google.android.gms.common.api.BatchResultToken
com.google.android.gms.common.api.BooleanResult
com.google.android.gms.common.api.CommonStatusCodes:
    public static final int SUCCESS_CACHE
    public static final int SUCCESS
    public static final int SERVICE_VERSION_UPDATE_REQUIRED
    public static final int SERVICE_DISABLED
    public static final int SIGN_IN_REQUIRED
    public static final int INVALID_ACCOUNT
    public static final int RESOLUTION_REQUIRED
    public static final int NETWORK_ERROR
    public static final int INTERNAL_ERROR
    public static final int DEVELOPER_ERROR
    public static final int ERROR
    public static final int INTERRUPTED
    public static final int TIMEOUT
    public static final int CANCELED
    public static final int API_NOT_CONNECTED
    public static final int DEAD_CLIENT
    protected CommonStatusCodes()
com.google.android.gms.common.api.GoogleApiClient:
    public static final int SIGN_IN_MODE_REQUIRED
    public static final int SIGN_IN_MODE_OPTIONAL
    public GoogleApiClient()
    public static void dumpAll(java.lang.String,java.io.FileDescriptor,java.io.PrintWriter,java.lang.String[])
    public static java.util.Set zzuM()
    public com.google.android.gms.internal.zzzv$zza zza(com.google.android.gms.internal.zzzv$zza)
    public com.google.android.gms.internal.zzzv$zza zzb(com.google.android.gms.internal.zzzv$zza)
    public com.google.android.gms.internal.zzaaz zzr(java.lang.Object)
    public com.google.android.gms.common.api.Api$zze zza(com.google.android.gms.common.api.Api$zzc)
    public boolean zza(com.google.android.gms.common.api.Api)
    public abstract boolean hasConnectedApi(com.google.android.gms.common.api.Api)
    public abstract com.google.android.gms.common.ConnectionResult getConnectionResult(com.google.android.gms.common.api.Api)
    public android.content.Context getContext()
    public android.os.Looper getLooper()
    public boolean zza(com.google.android.gms.internal.zzabi)
    public void zzuN()
    public abstract void connect()
    public void connect(int)
    public abstract com.google.android.gms.common.ConnectionResult blockingConnect()
    public abstract com.google.android.gms.common.ConnectionResult blockingConnect(long,java.util.concurrent.TimeUnit)
    public abstract void disconnect()
    public abstract void reconnect()